<?xml version="1.0" encoding="UTF-8"?>
<testsuite xmlns:xsi="http://www.w3.org/2001/XMLSchema-instance" xsi:noNamespaceSchemaLocation="https://maven.apache.org/surefire/maven-surefire-plugin/xsd/surefire-test-report-3.0.xsd" version="3.0" name="TestSuite" time="4.365" tests="2" errors="0" skipped="0" failures="1">
  <properties>
[...]
</properties>
  <testcase name="authenticateUser[{country=, Sanity=NO, Email=musica@gmail.com, mobilenumber=, isocode=, city=, cst=, phonenumber=, firstmonthoffiscalyear=, firstmonthofincometaxyear=, gst=, isdeleted=, Url=https://www.googleapis.com/identitytoolkit/v3/relyingparty/verifyPassword?key=AIzaSyD7oMsXvjTMB0S3Xwbm0wV0ycQvE8AZiig, tin1=, Name=, businesstype=, hasproductcatalog1=, displayAs=, companytypeid=, tin=, addressLine1=, logo=, addressLine2=, state=, fax=, pan=, allowwholesale1=, email=, Password=Test@123, hasproductcatalog=, TestName=authenticateUser, website=, parentcompanyid=, countryofbusinessid=, isocode1=, Regression=YES, allowwholesale=, quantityprecision1=, Functional=NO, zipcode=, quantityprecision=, primarycurrencyid=, accountingmethodid=, district=, Id=, isbranch=}, org.testng.TestRunner@54f2ec1c](1)" classname="io.testscripts.Companies" time="2.466">
    <system-out><![CDATA[Extent Report Initialize
User directory - D:\MousikiAutomation\Reference
report path-D:\MousikiAutomation\Reference\testreport\report.html
~~~~~Automation Started
~~~~~Parellel Mode: Tests
property file data:{DBSCHEMA=`mousikiqa-accounts`, PRODURL=https://accounting.mousiki.io/, OsName=Win, Implicitwait=10, browsername=chrome, URL=https://qa.accounting.mousiki.io/, password=test123, DBHostname=jdbc:mysql://mousikiqa-rds.cmpy4o83a7f1.us-east-2.rds.amazonaws.com:3306/mousikiqa-accounts, DBPassword=qRVRza:qP8dknBg, Username=Test, testreportname=Accounting Automation, DBUsername=mouqaadm}
Listener-onStart-Accounting Test Automation - Started test - Companies
Listener-onTestStart-Accounting Test Automation - Name:authenticateUserStatus -16
Request method:	POST
Request URI:	https://www.googleapis.com/identitytoolkit/v3/relyingparty/verifyPassword?key=AIzaSyD7oMsXvjTMB0S3Xwbm0wV0ycQvE8AZiig
Proxy:			<none>
Request params:	<none>
Query params:	<none>
Form params:	<none>
Path params:	<none>
Headers:		Accept=application/json, text/plain, */*
				Authorization=
				project=Mousiki
				Content-Type=application/json
Cookies:		<none>
Multiparts:		<none>
Body:
{
    "email": "musica@gmail.com",
    "password": "Test@123",
    "returnSecureToken": true
}
token:eyJhbGciOiJSUzI1NiIsImtpZCI6IjE2ZGE4NmU4MWJkNTllMGE4Y2YzNTgwNTJiYjUzYjUzYjE4MzA3NzMiLCJ0eXAiOiJKV1QifQ.eyJuYW1lIjoiTXVzaWMgQSIsImlzcyI6Imh0dHBzOi8vc2VjdXJldG9rZW4uZ29vZ2xlLmNvbS9tb3VzaWtpLWRldiIsImF1ZCI6Im1vdXNpa2ktZGV2IiwiYXV0aF90aW1lIjoxNjgxOTEzMzc5LCJ1c2VyX2lkIjoiWHp0UmV4eFowVWFvdWtUV3RWUHZ6ZXk2MEZDMiIsInN1YiI6Ilh6dFJleHhaMFVhb3VrVFd0VlB2emV5NjBGQzIiLCJpYXQiOjE2ODE5MTMzNzksImV4cCI6MTY4MTkxNjk3OSwiZW1haWwiOiJtdXNpY2FAZ21haWwuY29tIiwiZW1haWxfdmVyaWZpZWQiOmZhbHNlLCJmaXJlYmFzZSI6eyJpZGVudGl0aWVzIjp7ImVtYWlsIjpbIm11c2ljYUBnbWFpbC5jb20iXX0sInNpZ25faW5fcHJvdmlkZXIiOiJwYXNzd29yZCJ9fQ.LVmCZuCDWmzhSKUtx_CExioAjpmwWbyEXJAZSf_TkL0zmTJ1icVFMq1tPzc0PA6xggJkOQySfAzbpK8-yMJyM0IIJehVmE9tWUzZn9wI-rIc35rnZnX7fZKz2aMmcYEKJzqHuupAjefufwqjofmrHP1WQCAnUYEc2M0LD-mCRyvVdUdCPVduQFZYEPjITVltBr6YLaxQ-7wwrAO_xaZNxEBF7_xdwhM83PTDvb-3otkbXdvRZythxZHo1yDXsXVeH-Lyhqd8BaueuH-UXDcIlkWuoCn2aConbFs6DrY0O6w_EUdtsjKI6sOefLuBmcgkXWj1ZeTR56hedECD_rIxkw
Request method:	POST
Request URI:	https://www.googleapis.com/identitytoolkit/v3/relyingparty/verifyPassword?key=AIzaSyD7oMsXvjTMB0S3Xwbm0wV0ycQvE8AZiig
Proxy:			<none>
Request params:	<none>
Query params:	<none>
Form params:	<none>
Path params:	<none>
Headers:		Accept=application/json, text/plain, */*
				Authorization=eyJhbGciOiJSUzI1NiIsImtpZCI6IjE2ZGE4NmU4MWJkNTllMGE4Y2YzNTgwNTJiYjUzYjUzYjE4MzA3NzMiLCJ0eXAiOiJKV1QifQ.eyJuYW1lIjoiTXVzaWMgQSIsImlzcyI6Imh0dHBzOi8vc2VjdXJldG9rZW4uZ29vZ2xlLmNvbS9tb3VzaWtpLWRldiIsImF1ZCI6Im1vdXNpa2ktZGV2IiwiYXV0aF90aW1lIjoxNjgxOTEzMzc5LCJ1c2VyX2lkIjoiWHp0UmV4eFowVWFvdWtUV3RWUHZ6ZXk2MEZDMiIsInN1YiI6Ilh6dFJleHhaMFVhb3VrVFd0VlB2emV5NjBGQzIiLCJpYXQiOjE2ODE5MTMzNzksImV4cCI6MTY4MTkxNjk3OSwiZW1haWwiOiJtdXNpY2FAZ21haWwuY29tIiwiZW1haWxfdmVyaWZpZWQiOmZhbHNlLCJmaXJlYmFzZSI6eyJpZGVudGl0aWVzIjp7ImVtYWlsIjpbIm11c2ljYUBnbWFpbC5jb20iXX0sInNpZ25faW5fcHJvdmlkZXIiOiJwYXNzd29yZCJ9fQ.LVmCZuCDWmzhSKUtx_CExioAjpmwWbyEXJAZSf_TkL0zmTJ1icVFMq1tPzc0PA6xggJkOQySfAzbpK8-yMJyM0IIJehVmE9tWUzZn9wI-rIc35rnZnX7fZKz2aMmcYEKJzqHuupAjefufwqjofmrHP1WQCAnUYEc2M0LD-mCRyvVdUdCPVduQFZYEPjITVltBr6YLaxQ-7wwrAO_xaZNxEBF7_xdwhM83PTDvb-3otkbXdvRZythxZHo1yDXsXVeH-Lyhqd8BaueuH-UXDcIlkWuoCn2aConbFs6DrY0O6w_EUdtsjKI6sOefLuBmcgkXWj1ZeTR56hedECD_rIxkw
				project=Mousiki
				Content-Type=application/json
Cookies:		<none>
Multiparts:		<none>
Body:
{
    "email": "musica@gmail.com",
    "password": "Test@123",
    "returnSecureToken": true
}
resp {
    "kind": "identitytoolkit#VerifyPasswordResponse",
    "localId": "XztRexxZ0UaoukTWtVPvzey60FC2",
    "email": "musica@gmail.com",
    "displayName": "Music A",
    "idToken": "eyJhbGciOiJSUzI1NiIsImtpZCI6IjE2ZGE4NmU4MWJkNTllMGE4Y2YzNTgwNTJiYjUzYjUzYjE4MzA3NzMiLCJ0eXAiOiJKV1QifQ.eyJuYW1lIjoiTXVzaWMgQSIsImlzcyI6Imh0dHBzOi8vc2VjdXJldG9rZW4uZ29vZ2xlLmNvbS9tb3VzaWtpLWRldiIsImF1ZCI6Im1vdXNpa2ktZGV2IiwiYXV0aF90aW1lIjoxNjgxOTEzMzgwLCJ1c2VyX2lkIjoiWHp0UmV4eFowVWFvdWtUV3RWUHZ6ZXk2MEZDMiIsInN1YiI6Ilh6dFJleHhaMFVhb3VrVFd0VlB2emV5NjBGQzIiLCJpYXQiOjE2ODE5MTMzODAsImV4cCI6MTY4MTkxNjk4MCwiZW1haWwiOiJtdXNpY2FAZ21haWwuY29tIiwiZW1haWxfdmVyaWZpZWQiOmZhbHNlLCJmaXJlYmFzZSI6eyJpZGVudGl0aWVzIjp7ImVtYWlsIjpbIm11c2ljYUBnbWFpbC5jb20iXX0sInNpZ25faW5fcHJvdmlkZXIiOiJwYXNzd29yZCJ9fQ.kKK-Ue6kVzD1HSMNbt9eI7VGlESLxo2nrn_6qddRVpzxAp6U1_agciRx8X5OY7aMFsYWq9BE07PiLnZZwguUwmNsA0HpLFdr5vm5mV6GT7Oan_KnvIIXHyAvEA-8Qt1aRxitWm8SpGk0YjOZ8iKqZLN-MglMyL8TAE7EmI5GJEQ0zkC46dDbFh-zS3z6s7e4Y9xrxwW0ypBTtzDcvtXcbS4Tj4g1nL_ITt063vqdBoSkFD5tciKwEwUN3UxDGWsPJbj5IWyiounh98KtEta3iqibezGXajLGWOEpZUR0FtdILoB-ts65E9_q2NQcLqABmaR86Nqy48OvTH_RzxlCKg",
    "registered": true,
    "refreshToken": "APJWN8cUN5MWsCtqKIdAXTWQsM6AMAi0agjAMOnTjAxXJchmn4OGXgXmoin47CwAUWV7BlBzsx6lVtk0gQ3zfq-hF4aqsHlU3Iqey4Kw-dTjN4dKhQ4bQ6rklpMQ-HbGg99-LnOxgdGwDiNC4181LM2fXKPeG4TmSaOUKUYJdp_4usEIjZWYoHfIwWBe36OkvYSY28LexxlLJcZCIOUnpNPOkhhW405tkw",
    "expiresIn": "3600"
}
Listener-onTestSuccess-Test - authenticateUserStatus -1 is succeed
]]></system-out>
    <system-err><![CDATA[SLF4J: Failed to load class "org.slf4j.impl.StaticLoggerBinder".
SLF4J: Defaulting to no-operation (NOP) logger implementation
SLF4J: See http://www.slf4j.org/codes.html#StaticLoggerBinder for further details.
]]></system-err>
  </testcase>
  <testcase name="addCompany[{country=63, Sanity=NO, Email=musica@gmail.com, mobilenumber=9600666999, isocode=484, city=chennai, cst=, phonenumber=9600999666, firstmonthoffiscalyear=2, firstmonthofincometaxyear=2, gst=, isdeleted=, Url=https://qa-accounts.api.mousiki.io/api/v1/company, tin1=, Name=Automation, businesstype=2, hasproductcatalog1=, displayAs=company, companytypeid=4, tin=, addressLine1=Line1, logo=, addressLine2=Line2, state=TN, fax=FAX1234, pan=, allowwholesale1=, email=ab2@gmail.com, Password=Test@123, hasproductcatalog=, TestName=addCompany, website=www.ab2.com, parentcompanyid=, countryofbusinessid=99, isocode1=91, Regression=YES, allowwholesale=, quantityprecision1=2, Functional=NO, zipcode=600028, quantityprecision=5, primarycurrencyid=63, accountingmethodid=1, district=chennai, Id=52, isbranch=}, org.testng.TestRunner@54f2ec1c](1)" classname="io.testscripts.Companies" time="0.432">
    <failure message="For input string: &quot;&quot;" type="java.lang.NumberFormatException"><![CDATA[java.lang.NumberFormatException: For input string: ""
	at java.base/java.lang.NumberFormatException.forInputString(NumberFormatException.java:67)
	at java.base/java.lang.Integer.parseInt(Integer.java:678)
	at java.base/java.lang.Integer.parseInt(Integer.java:786)
	at io.automation.pojo.CompanyAPI.generateCompanyApi(CompanyAPI.java:160)
	at io.testscripts.Companies.addCompany(Companies.java:88)
	at java.base/jdk.internal.reflect.NativeMethodAccessorImpl.invoke0(Native Method)
	at java.base/jdk.internal.reflect.NativeMethodAccessorImpl.invoke(NativeMethodAccessorImpl.java:77)
	at java.base/jdk.internal.reflect.DelegatingMethodAccessorImpl.invoke(DelegatingMethodAccessorImpl.java:43)
	at java.base/java.lang.reflect.Method.invoke(Method.java:568)
	at org.testng.internal.invokers.MethodInvocationHelper.invokeMethod(MethodInvocationHelper.java:139)
	at org.testng.internal.invokers.TestInvoker.invokeMethod(TestInvoker.java:677)
	at org.testng.internal.invokers.TestInvoker.invokeTestMethod(TestInvoker.java:221)
	at org.testng.internal.invokers.TestMethodWithDataProviderMethodWorker.call(TestMethodWithDataProviderMethodWorker.java:80)
	at org.testng.internal.invokers.TestMethodWithDataProviderMethodWorker.call(TestMethodWithDataProviderMethodWorker.java:17)
	at java.base/java.util.concurrent.FutureTask.run(FutureTask.java:264)
	at java.base/java.util.concurrent.Executors$RunnableAdapter.call(Executors.java:539)
	at java.base/java.util.concurrent.FutureTask.run(FutureTask.java:264)
	at java.base/java.util.concurrent.ThreadPoolExecutor.runWorker(ThreadPoolExecutor.java:1136)
	at java.base/java.util.concurrent.ThreadPoolExecutor$Worker.run(ThreadPoolExecutor.java:635)
	at java.base/java.lang.Thread.run(Thread.java:833)
]]></failure>
    <system-out><![CDATA[After method
Listener-onTestStart-Accounting Test Automation - Name:addCompanyStatus -16
Request method:	POST
Request URI:	https://www.googleapis.com/identitytoolkit/v3/relyingparty/verifyPassword?key=AIzaSyD7oMsXvjTMB0S3Xwbm0wV0ycQvE8AZiig
Proxy:			<none>
Request params:	<none>
Query params:	<none>
Form params:	<none>
Path params:	<none>
Headers:		Accept=application/json, text/plain, */*
				Authorization=
				project=Mousiki
				Content-Type=application/json
Cookies:		<none>
Multiparts:		<none>
Body:
{
    "email": "musica@gmail.com",
    "password": "Test@123",
    "returnSecureToken": true
}
token:eyJhbGciOiJSUzI1NiIsImtpZCI6IjE2ZGE4NmU4MWJkNTllMGE4Y2YzNTgwNTJiYjUzYjUzYjE4MzA3NzMiLCJ0eXAiOiJKV1QifQ.eyJuYW1lIjoiTXVzaWMgQSIsImlzcyI6Imh0dHBzOi8vc2VjdXJldG9rZW4uZ29vZ2xlLmNvbS9tb3VzaWtpLWRldiIsImF1ZCI6Im1vdXNpa2ktZGV2IiwiYXV0aF90aW1lIjoxNjgxOTEzMzgwLCJ1c2VyX2lkIjoiWHp0UmV4eFowVWFvdWtUV3RWUHZ6ZXk2MEZDMiIsInN1YiI6Ilh6dFJleHhaMFVhb3VrVFd0VlB2emV5NjBGQzIiLCJpYXQiOjE2ODE5MTMzODAsImV4cCI6MTY4MTkxNjk4MCwiZW1haWwiOiJtdXNpY2FAZ21haWwuY29tIiwiZW1haWxfdmVyaWZpZWQiOmZhbHNlLCJmaXJlYmFzZSI6eyJpZGVudGl0aWVzIjp7ImVtYWlsIjpbIm11c2ljYUBnbWFpbC5jb20iXX0sInNpZ25faW5fcHJvdmlkZXIiOiJwYXNzd29yZCJ9fQ.kKK-Ue6kVzD1HSMNbt9eI7VGlESLxo2nrn_6qddRVpzxAp6U1_agciRx8X5OY7aMFsYWq9BE07PiLnZZwguUwmNsA0HpLFdr5vm5mV6GT7Oan_KnvIIXHyAvEA-8Qt1aRxitWm8SpGk0YjOZ8iKqZLN-MglMyL8TAE7EmI5GJEQ0zkC46dDbFh-zS3z6s7e4Y9xrxwW0ypBTtzDcvtXcbS4Tj4g1nL_ITt063vqdBoSkFD5tciKwEwUN3UxDGWsPJbj5IWyiounh98KtEta3iqibezGXajLGWOEpZUR0FtdILoB-ts65E9_q2NQcLqABmaR86Nqy48OvTH_RzxlCKg
Random Generated Email: testmousiki69@gmail.com
Listener-onTestFailure-Test - addCompanyStatus -2 is Failed
]]></system-out>
  </testcase>
</testsuite>