<?xml version="1.0" encoding="UTF-8"?>
<testsuite xmlns:xsi="http://www.w3.org/2001/XMLSchema-instance" xsi:noNamespaceSchemaLocation="https://maven.apache.org/surefire/maven-surefire-plugin/xsd/surefire-test-report-3.0.xsd" version="3.0" name="TestSuite" time="3.878" tests="2" errors="0" skipped="0" failures="1">
  <properties>
[...]
</properties>
  <testcase name="authenticateUser[{quantityprecesion1=, country=, Sanity=NO, Email=qmsone@gmail.com, mobilenumber=, isocode=, city=, phonenumber=, firstmonthoffiscalyear=, firstmonthofincometaxyear=, Url=https://www.googleapis.com/identitytoolkit/v3/relyingparty/verifyPassword?key=AIzaSyD7oMsXvjTMB0S3Xwbm0wV0ycQvE8AZiig, Name=, businesstype=, displayAs=, companytypeid=, parentcompany=, addressLine1=, addressLine2=, state=, fax=, email=, Password=Test@123, TestName=authenticateUser, website=, countryofbusinessid=, quantityprecesion=, isocode1=, Regression=YES, Functional=NO, zipcode=, primarycurrencyid=, accountingmethodid=, district=, Id=, taxinfo=}, org.testng.TestRunner@3a945a2b](1)" classname="io.testscripts.Companies" time="2.454">
    <system-out><![CDATA[Extent Report Initialize
User directory - D:\MousikiAutomation\Reference
report path-D:\MousikiAutomation\Reference\testreport\report.html
~~~~~Automation Started
~~~~~Parellel Mode: Tests
property file data:{DBSCHEMA=`mousikiqa-accounts`, PRODURL=https://accounting.mousiki.io/, OsName=Win, Implicitwait=10, browsername=chrome, URL=https://qa.accounting.mousiki.io/, password=test123, DBHostname=jdbc:mysql://mousikiqa-rds.cmpy4o83a7f1.us-east-2.rds.amazonaws.com:3306/mousikiqa-accounts, DBPassword=qRVRza:qP8dknBg, Username=Test, testreportname=Accounting Automation, DBUsername=mouqaadm}
Listener-onStart-Accounting Test Automation - Started test - Companies
Listener-onTestStart-Accounting Test Automation - Name:authenticateUserStatus -16
Request method:	POST
Request URI:	https://www.googleapis.com/identitytoolkit/v3/relyingparty/verifyPassword?key=AIzaSyD7oMsXvjTMB0S3Xwbm0wV0ycQvE8AZiig
Proxy:			<none>
Request params:	<none>
Query params:	<none>
Form params:	<none>
Path params:	<none>
Headers:		Accept=application/json, text/plain, */*
				Authorization=
				Content-Type=application/json
Cookies:		<none>
Multiparts:		<none>
Body:
{
    "email": "qmsone@gmail.com",
    "password": "Test@123",
    "returnSecureToken": true
}
token:eyJhbGciOiJSUzI1NiIsImtpZCI6ImM4MjNkMWE0MTg5ZjI3NThjYWI4NDQ4ZmQ0MTIwN2ViZGZhMjVlMzkiLCJ0eXAiOiJKV1QifQ.eyJuYW1lIjoicSBtc29uZSIsImlzcyI6Imh0dHBzOi8vc2VjdXJldG9rZW4uZ29vZ2xlLmNvbS9tb3VzaWtpLWRldiIsImF1ZCI6Im1vdXNpa2ktZGV2IiwiYXV0aF90aW1lIjoxNjgxMjk1Njg5LCJ1c2VyX2lkIjoiUVNNem1LekZ6NlpNNXZoTXBpMHR2MFlIQ3JrMSIsInN1YiI6IlFTTXptS3pGejZaTTV2aE1waTB0djBZSENyazEiLCJpYXQiOjE2ODEyOTU2ODksImV4cCI6MTY4MTI5OTI4OSwiZW1haWwiOiJxbXNvbmVAZ21haWwuY29tIiwiZW1haWxfdmVyaWZpZWQiOmZhbHNlLCJmaXJlYmFzZSI6eyJpZGVudGl0aWVzIjp7ImVtYWlsIjpbInFtc29uZUBnbWFpbC5jb20iXX0sInNpZ25faW5fcHJvdmlkZXIiOiJwYXNzd29yZCJ9fQ.oKiCmT8WNo-WuhI_Bp81AQgDW_XKZfRwWdsQ4rbWqgvQjOGiiB43cFHBKlA_3gGJOu6j5YusTmxdBTAqtLXdaIZr1XGf-nqBA2rozo-o6eb58gDTq0RNcppQ8KfU5qoNag5s-MjA6kb_Il7GMr5lsmw_5Sqc8Kmr58e6oAZMHi_OjRd1BtniE8Y9EkHcVy1Zh8jD6FJ2VtK5FogOMWCx3qTyu8gDzKXeuvjsrfy1FuyZrxmrhhi8hPuexAzv0EbtmvvoCV7I_gYiXg-RVcH5y7vVjAkr347Qtv4b950yhx30N8oW9lLB6pQHCs94cXxEFHWiKGlFhfAd8Ure17iBgA
Request method:	POST
Request URI:	https://www.googleapis.com/identitytoolkit/v3/relyingparty/verifyPassword?key=AIzaSyD7oMsXvjTMB0S3Xwbm0wV0ycQvE8AZiig
Proxy:			<none>
Request params:	<none>
Query params:	<none>
Form params:	<none>
Path params:	<none>
Headers:		Accept=application/json, text/plain, */*
				Authorization=eyJhbGciOiJSUzI1NiIsImtpZCI6ImM4MjNkMWE0MTg5ZjI3NThjYWI4NDQ4ZmQ0MTIwN2ViZGZhMjVlMzkiLCJ0eXAiOiJKV1QifQ.eyJuYW1lIjoicSBtc29uZSIsImlzcyI6Imh0dHBzOi8vc2VjdXJldG9rZW4uZ29vZ2xlLmNvbS9tb3VzaWtpLWRldiIsImF1ZCI6Im1vdXNpa2ktZGV2IiwiYXV0aF90aW1lIjoxNjgxMjk1Njg5LCJ1c2VyX2lkIjoiUVNNem1LekZ6NlpNNXZoTXBpMHR2MFlIQ3JrMSIsInN1YiI6IlFTTXptS3pGejZaTTV2aE1waTB0djBZSENyazEiLCJpYXQiOjE2ODEyOTU2ODksImV4cCI6MTY4MTI5OTI4OSwiZW1haWwiOiJxbXNvbmVAZ21haWwuY29tIiwiZW1haWxfdmVyaWZpZWQiOmZhbHNlLCJmaXJlYmFzZSI6eyJpZGVudGl0aWVzIjp7ImVtYWlsIjpbInFtc29uZUBnbWFpbC5jb20iXX0sInNpZ25faW5fcHJvdmlkZXIiOiJwYXNzd29yZCJ9fQ.oKiCmT8WNo-WuhI_Bp81AQgDW_XKZfRwWdsQ4rbWqgvQjOGiiB43cFHBKlA_3gGJOu6j5YusTmxdBTAqtLXdaIZr1XGf-nqBA2rozo-o6eb58gDTq0RNcppQ8KfU5qoNag5s-MjA6kb_Il7GMr5lsmw_5Sqc8Kmr58e6oAZMHi_OjRd1BtniE8Y9EkHcVy1Zh8jD6FJ2VtK5FogOMWCx3qTyu8gDzKXeuvjsrfy1FuyZrxmrhhi8hPuexAzv0EbtmvvoCV7I_gYiXg-RVcH5y7vVjAkr347Qtv4b950yhx30N8oW9lLB6pQHCs94cXxEFHWiKGlFhfAd8Ure17iBgA
				Content-Type=application/json
Cookies:		<none>
Multiparts:		<none>
Body:
{
    "email": "qmsone@gmail.com",
    "password": "Test@123",
    "returnSecureToken": true
}
resp {
    "kind": "identitytoolkit#VerifyPasswordResponse",
    "localId": "QSMzmKzFz6ZM5vhMpi0tv0YHCrk1",
    "email": "qmsone@gmail.com",
    "displayName": "q msone",
    "idToken": "eyJhbGciOiJSUzI1NiIsImtpZCI6ImM4MjNkMWE0MTg5ZjI3NThjYWI4NDQ4ZmQ0MTIwN2ViZGZhMjVlMzkiLCJ0eXAiOiJKV1QifQ.eyJuYW1lIjoicSBtc29uZSIsImlzcyI6Imh0dHBzOi8vc2VjdXJldG9rZW4uZ29vZ2xlLmNvbS9tb3VzaWtpLWRldiIsImF1ZCI6Im1vdXNpa2ktZGV2IiwiYXV0aF90aW1lIjoxNjgxMjk1Njg5LCJ1c2VyX2lkIjoiUVNNem1LekZ6NlpNNXZoTXBpMHR2MFlIQ3JrMSIsInN1YiI6IlFTTXptS3pGejZaTTV2aE1waTB0djBZSENyazEiLCJpYXQiOjE2ODEyOTU2ODksImV4cCI6MTY4MTI5OTI4OSwiZW1haWwiOiJxbXNvbmVAZ21haWwuY29tIiwiZW1haWxfdmVyaWZpZWQiOmZhbHNlLCJmaXJlYmFzZSI6eyJpZGVudGl0aWVzIjp7ImVtYWlsIjpbInFtc29uZUBnbWFpbC5jb20iXX0sInNpZ25faW5fcHJvdmlkZXIiOiJwYXNzd29yZCJ9fQ.oKiCmT8WNo-WuhI_Bp81AQgDW_XKZfRwWdsQ4rbWqgvQjOGiiB43cFHBKlA_3gGJOu6j5YusTmxdBTAqtLXdaIZr1XGf-nqBA2rozo-o6eb58gDTq0RNcppQ8KfU5qoNag5s-MjA6kb_Il7GMr5lsmw_5Sqc8Kmr58e6oAZMHi_OjRd1BtniE8Y9EkHcVy1Zh8jD6FJ2VtK5FogOMWCx3qTyu8gDzKXeuvjsrfy1FuyZrxmrhhi8hPuexAzv0EbtmvvoCV7I_gYiXg-RVcH5y7vVjAkr347Qtv4b950yhx30N8oW9lLB6pQHCs94cXxEFHWiKGlFhfAd8Ure17iBgA",
    "registered": true,
    "refreshToken": "APJWN8dhc9wdw7IPnQnRC3wk5K_X1XVLkoTghurTbOjckXNdfzQ-koagYlKStIQWMsrUh6u--XfJBVBUiJJSiCQN5TP8furVCi7eD80SvlDXjxtHqmtymq9NqirvO3pOJ8D0BXPDYGai03axVwpRi0LLXgnt57Pw0w95fZpQ0Z08xF-v8ka1nQWqR_zJKnT50a5eImj261pkHvjV4m8TmKWYtKsuc7Mh9g",
    "expiresIn": "3600"
}
Listener-onTestSuccess-Test - authenticateUserStatus -1 is succeed
]]></system-out>
    <system-err><![CDATA[SLF4J: Failed to load class "org.slf4j.impl.StaticLoggerBinder".
SLF4J: Defaulting to no-operation (NOP) logger implementation
SLF4J: See http://www.slf4j.org/codes.html#StaticLoggerBinder for further details.
]]></system-err>
  </testcase>
  <testcase name="addCompany[{quantityprecesion1=, country=600028, Sanity=NO, Email=qmsone@gmail.com, mobilenumber=91, isocode=9600666999, city=chennai, phonenumber=484, firstmonthoffiscalyear=2, firstmonthofincometaxyear=2, Url=https://qa-accounts.api.mousiki.io/api/v1/company, Name=Automation, businesstype=, displayAs=A.T, companytypeid=1, parentcompany=4, addressLine1=Line2, addressLine2=chennai, state=India, fax=ab2@gmail.com, email=www.ab2.com, Password=Test@123, TestName=addCompany, website=2, countryofbusinessid=99, quantityprecesion=Line1, isocode1=FAX1234, Regression=YES, Functional=NO, zipcode=9600999666, primarycurrencyid=5, accountingmethodid=63, district=TN, Id=1, taxinfo=2}, org.testng.TestRunner@3a945a2b](1)" classname="io.testscripts.Companies" time="0.009">
    <failure message="Cannot invoke &quot;Object.toString()&quot; because the return value of &quot;java.util.Map.get(Object)&quot; is null" type="java.lang.NullPointerException"><![CDATA[java.lang.NullPointerException: Cannot invoke "Object.toString()" because the return value of "java.util.Map.get(Object)" is null
	at io.automation.pojo.CompanyAPI.generateCompanyApi(CompanyAPI.java:49)
	at io.testscripts.Companies.addCompany(Companies.java:61)
	at java.base/jdk.internal.reflect.NativeMethodAccessorImpl.invoke0(Native Method)
	at java.base/jdk.internal.reflect.NativeMethodAccessorImpl.invoke(NativeMethodAccessorImpl.java:77)
	at java.base/jdk.internal.reflect.DelegatingMethodAccessorImpl.invoke(DelegatingMethodAccessorImpl.java:43)
	at java.base/java.lang.reflect.Method.invoke(Method.java:568)
	at org.testng.internal.invokers.MethodInvocationHelper.invokeMethod(MethodInvocationHelper.java:139)
	at org.testng.internal.invokers.TestInvoker.invokeMethod(TestInvoker.java:677)
	at org.testng.internal.invokers.TestInvoker.invokeTestMethod(TestInvoker.java:221)
	at org.testng.internal.invokers.TestMethodWithDataProviderMethodWorker.call(TestMethodWithDataProviderMethodWorker.java:80)
	at org.testng.internal.invokers.TestMethodWithDataProviderMethodWorker.call(TestMethodWithDataProviderMethodWorker.java:17)
	at java.base/java.util.concurrent.FutureTask.run(FutureTask.java:264)
	at java.base/java.util.concurrent.Executors$RunnableAdapter.call(Executors.java:539)
	at java.base/java.util.concurrent.FutureTask.run(FutureTask.java:264)
	at java.base/java.util.concurrent.ThreadPoolExecutor.runWorker(ThreadPoolExecutor.java:1136)
	at java.base/java.util.concurrent.ThreadPoolExecutor$Worker.run(ThreadPoolExecutor.java:635)
	at java.base/java.lang.Thread.run(Thread.java:833)
]]></failure>
    <system-out><![CDATA[After method
Listener-onTestStart-Accounting Test Automation - Name:addCompanyStatus -16
Listener-onTestFailure-Test - addCompanyStatus -2 is Failed
]]></system-out>
  </testcase>
</testsuite>